[2022-11-08 11:26:51.051] [org.springframework.boot.StartupInfoLogger] [main] [55] [INFO ] Starting HotelDatabaseApplication using Java 11.0.16 on PC0003-01 with PID 13618 (/home/elena/Projects/hotel_v1/hotel_database/build/classes/java/main started by elena in /home/elena/Projects/hotel_v1)
[2022-11-08 11:26:51.051] [org.springframework.boot.StartupInfoLogger] [main] [56] [DEBUG] Running with Spring Boot v2.6.8, Spring v5.3.20
[2022-11-08 11:26:51.051] [org.springframework.boot.SpringApplication] [main] [645] [INFO ] No active profile set, falling back to 1 default profile: "default"
[2022-11-08 11:26:52.052] [org.springframework.data.repository.config.RepositoryConfigurationDelegate] [main] [132] [INFO ] Bootstrapping Spring Data JPA repositories in DEFAULT mode.
[2022-11-08 11:26:52.052] [org.springframework.data.repository.config.RepositoryConfigurationDelegate] [main] [201] [INFO ] Finished Spring Data repository scanning in 42 ms. Found 10 JPA repository interfaces.
[2022-11-08 11:26:52.052] [org.springframework.boot.web.embedded.tomcat.TomcatWebServer] [main] [108] [INFO ] Tomcat initialized with port(s): 8080 (http)
[2022-11-08 11:26:52.052] [org.springframework.boot.web.servlet.context.ServletWebServerApplicationContext] [main] [290] [INFO ] Root WebApplicationContext: initialization completed in 808 ms
[2022-11-08 11:26:53.053] [org.springframework.orm.jpa.AbstractEntityManagerFactoryBean] [main] [437] [INFO ] Initialized JPA EntityManagerFactory for persistence unit 'default'
[2022-11-08 11:26:53.053] [org.springframework.boot.autoconfigure.orm.jpa.JpaBaseConfiguration$JpaWebConfiguration] [main] [219] [WARN ] spring.jpa.open-in-view is enabled by default. Therefore, database queries may be performed during view rendering. Explicitly configure spring.jpa.open-in-view to disable this warning
[2022-11-08 11:26:54.054] [org.springframework.context.support.AbstractApplicationContext] [main] [591] [WARN ] Exception encountered during context initialization - cancelling refresh attempt: org.springframework.context.ApplicationContextException: Failed to start bean 'webServerStartStop'; nested exception is org.springframework.boot.web.server.PortInUseException: Port 8080 is already in use
[2022-11-08 11:26:54.054] [org.springframework.orm.jpa.AbstractEntityManagerFactoryBean] [main] [651] [INFO ] Closing JPA EntityManagerFactory for persistence unit 'default'
[2022-11-08 11:26:54.054] [org.springframework.boot.autoconfigure.logging.ConditionEvaluationReportLoggingListener] [main] [136] [INFO ] 

Error starting ApplicationContext. To display the conditions report re-run your application with 'debug' enabled.
[2022-11-08 11:26:54.054] [org.springframework.boot.diagnostics.LoggingFailureAnalysisReporter] [main] [40] [ERROR] 

***************************
APPLICATION FAILED TO START
***************************

Description:

Web server failed to start. Port 8080 was already in use.

Action:

Identify and stop the process that's listening on port 8080 or configure this application to listen on another port.

